<?xml version="1.0" encoding="utf-8"?><testsuites name="pytest tests"><testsuite name="pytest" errors="0" failures="0" skipped="0" tests="8" time="1.455" timestamp="2026-08-12T23:49:07.825171+00:00" hostname="agent-env-854cc350-b1b0-4196-bfe0-f4470a09b62f"><testcase classname="backend.tests.test_style_dna" name="test_dna_classification[make it bold and playful-bold-poster-Syne]" time="0.300" /><testcase classname="backend.tests.test_style_dna" name="test_dna_classification[give it a warm earthy organic feel-warm-editorial-Lora]" time="0.134" /><testcase classname="backend.tests.test_style_dna" name="test_dna_classification[make it look technical like a dev tool-mono-technical-Space Mono]" time="0.170" /><testcase classname="backend.tests.test_style_dna" name="test_dna_classification[make it dark cinematic gold luxury-noir-luxe-Playfair Display]" time="0.162" /><testcase classname="backend.tests.test_style_dna" name="test_dna_classification[make it soft friendly and airy-soft-airy-Outfit]" time="0.151" /><testcase classname="backend.tests.test_style_dna" name="test_dna_classification[just make it better-quiet-luxury-Cormorant Garamond]" time="0.102" /><testcase classname="backend.tests.test_style_dna" name="test_missing_prompt_returns_400" time="0.109" /><testcase classname="backend.tests.test_style_dna" name="test_missing_blocks_returns_400" time="0.155" /></testsuite></testsuites>